<?xml version="1.0" encoding="UTF-8"?>
<!-- Generated by org.testng.reporters.JUnitReportReporter -->
<testsuite skipped="0" hostname="Neels-MacBook-Pro.local" name="practicTestNG.PracticeTestng" tests="2" failures="0" timestamp="07 Jun 2019 21:22:59 GMT" time="0.008" errors="0">
  <testcase name="testMethod1" time="0.007" classname="practicTestNG.PracticeTestng"/>
  <testcase name="testMEthod2" time="0.001" classname="practicTestNG.PracticeTestng"/>
</testsuite> <!-- practicTestNG.PracticeTestng -->
